<?xml version="1.0" encoding="UTF-8"?>
<!-- Generated by org.testng.reporters.JUnitXMLReporter -->
<testsuite hostname="VIKASSAI03" failures="0" tests="3" name="Test" time="168.63" errors="0" timestamp="15 Dec 2018 15:23:04 GMT">
  <testcase classname="org_testing_scripts_youtube.TC1" name="testcase1" time="35.883"/>
  <testcase classname="org_testing_scripts_youtube.TC2" name="testcase2" time="35.952"/>
  <testcase classname="org_testing_scripts_youtube.TC3" name="testcase1" time="47.623"/>
</testsuite> <!-- Test -->
