<?xml version="1.0" encoding="UTF-8"?>
<testng-results total="2" passed="2" failed="0" skipped="0">
  <reporter-output>
  </reporter-output>
  <suite started-at="2018-12-27T18:18:32Z" name="Suite1" finished-at="2018-12-27T18:21:01Z" duration-ms="148280">
    <groups>
    </groups>
    <test started-at="2018-12-27T18:18:32Z" name="Command line test df5dbfd2-ecb8-45f8-bf38-df45d8766a69" finished-at="2018-12-27T18:21:01Z" duration-ms="148280">
      <class name="org_testing_scripts_youtube.TC4">
        <test-method is-config="true" signature="beformethod()[pri:0, instance:org_testing_scripts_youtube.TC4@9353778]" started-at="2018-12-27T23:49:40Z" name="beformethod" finished-at="2018-12-27T23:50:00Z" duration-ms="19934" status="PASS">
          <reporter-output>
          </reporter-output>
        </test-method> <!-- beformethod -->
        <test-method signature="testcase1()[pri:0, instance:org_testing_scripts_youtube.TC4@9353778]" started-at="2018-12-27T23:50:00Z" name="testcase1" finished-at="2018-12-27T23:50:57Z" duration-ms="57018" status="PASS">
          <reporter-output>
          </reporter-output>
        </test-method> <!-- testcase1 -->
        <test-method is-config="true" signature="aftermethod()[pri:0, instance:org_testing_scripts_youtube.TC4@9353778]" started-at="2018-12-27T23:50:57Z" name="aftermethod" finished-at="2018-12-27T23:51:01Z" duration-ms="3339" status="PASS">
          <reporter-output>
          </reporter-output>
        </test-method> <!-- aftermethod -->
      </class> <!-- org_testing_scripts_youtube.TC4 -->
      <class name="org_testing_scripts_youtube.TC1">
        <test-method is-config="true" signature="beformethod()[pri:0, instance:org_testing_scripts_youtube.TC1@70e8f8e]" started-at="2018-12-27T23:48:32Z" name="beformethod" finished-at="2018-12-27T23:48:52Z" duration-ms="19113" status="PASS">
          <reporter-output>
          </reporter-output>
        </test-method> <!-- beformethod -->
        <test-method signature="testcase1()[pri:0, instance:org_testing_scripts_youtube.TC1@70e8f8e]" started-at="2018-12-27T23:48:52Z" name="testcase1" finished-at="2018-12-27T23:49:34Z" duration-ms="42508" status="PASS">
          <reporter-output>
          </reporter-output>
        </test-method> <!-- testcase1 -->
        <test-method is-config="true" signature="aftermethod()[pri:0, instance:org_testing_scripts_youtube.TC1@70e8f8e]" started-at="2018-12-27T23:49:34Z" name="aftermethod" finished-at="2018-12-27T23:49:40Z" duration-ms="6350" status="PASS">
          <reporter-output>
          </reporter-output>
        </test-method> <!-- aftermethod -->
      </class> <!-- org_testing_scripts_youtube.TC1 -->
    </test> <!-- Command line test df5dbfd2-ecb8-45f8-bf38-df45d8766a69 -->
  </suite> <!-- Suite1 -->
</testng-results>
